<?xml version="1.0" encoding="UTF-8"?>
<!-- Generated by org.testng.reporters.JUnitReportReporter -->
<testsuite hostname="Agastya" failures="0" tests="1" name="Basic.demo" time="52.197" errors="0" timestamp="2023-12-04T21:32:59 IST" skipped="0">
  <testcase classname="Basic.demo" name="FacebookTest" time="52.197"/>
</testsuite> <!-- Basic.demo -->
