<?xml version="1.0" encoding="UTF-8"?>
<!-- Generated by org.testng.reporters.JUnitReportReporter -->
<testsuite hostname="Agastya" failures="0" tests="1" name="Basic.ReadDataPropertyTest" time="11.652" errors="0" timestamp="2023-12-05T18:59:14 IST" skipped="0">
  <testcase classname="Basic.ReadDataPropertyTest" name="vtigercrmPropertyTest" time="11.652"/>
</testsuite> <!-- Basic.ReadDataPropertyTest -->
