<?xml version="1.0" encoding="UTF-8"?>
<!-- Generated by org.testng.reporters.JUnitReportReporter -->
<testsuite hostname="Agastya" failures="0" tests="1" name="Basic.CreateContact" time="156.439" errors="0" timestamp="2023-11-18T21:20:59 IST" skipped="0">
  <testcase classname="Basic.CreateContact" name="Contact" time="156.439"/>
</testsuite> <!-- Basic.CreateContact -->
