<?xml version="1.0" encoding="UTF-8"?>
<!-- Generated by org.testng.reporters.JUnitReportReporter -->
<testsuite hostname="Agastya" failures="0" tests="4" name="OnlineClass.testng4" time="93.933" errors="0" timestamp="2023-11-07T15:42:55 IST" skipped="0">
  <testcase classname="OnlineClass.testng4" name="Instagramm" time="52.101"/>
  <testcase classname="OnlineClass.testng4" name="facebook" time="7.098"/>
  <testcase classname="OnlineClass.testng4" name="myntra" time="15.251"/>
  <testcase classname="OnlineClass.testng4" name="flipcart" time="19.483"/>
</testsuite> <!-- OnlineClass.testng4 -->
