<?xml version="1.0" encoding="UTF-8"?>
<!-- Generated by org.testng.reporters.JUnitReportReporter -->
<testsuite hostname="Agastya" failures="0" tests="1" name="online.testng2" time="0.009" errors="0" timestamp="2023-11-07T15:07:28 IST" skipped="0">
  <testcase classname="online.testng2" name="facebook" time="0.009"/>
</testsuite> <!-- online.testng2 -->
