<?xml version="1.0" encoding="UTF-8"?>
<!-- Generated by org.testng.reporters.JUnitReportReporter -->
<testsuite hostname="Agastya" failures="0" tests="2" name="practice.test2" time="21.342" errors="0" timestamp="2023-11-04T15:07:02 IST" skipped="0">
  <testcase classname="practice.test2" name="vtigercrm" time="7.003"/>
  <testcase classname="practice.test2" name="facebook" time="14.339"/>
</testsuite> <!-- practice.test2 -->
