<?xml version="1.0" encoding="UTF-8"?>
<!-- Generated by org.testng.reporters.JUnitReportReporter -->
<testsuite hostname="Agastya" failures="0" tests="4" name="OnlineClass.testng3" time="53.879" errors="0" timestamp="2023-11-07T15:33:49 IST" skipped="0">
  <testcase classname="OnlineClass.testng3" name="facebook" time="7.385"/>
  <testcase classname="OnlineClass.testng3" name="myntra" time="21.384"/>
  <testcase classname="OnlineClass.testng3" name="flipcart" time="17.357"/>
  <testcase classname="OnlineClass.testng3" name="Instagramm" time="7.753"/>
</testsuite> <!-- OnlineClass.testng3 -->
