<?xml version="1.0" encoding="UTF-8"?>
<!-- Generated by org.testng.reporters.JUnitReportReporter -->
<testsuite hostname="Agastya" failures="0" tests="2" name="practice.Annotations" time="0.019" errors="0" timestamp="2023-11-04T15:28:09 IST" skipped="0">
  <testcase classname="practice.Annotations" name="Home1" time="0.006"/>
  <testcase classname="practice.Annotations" name="Home" time="0.013"/>
</testsuite> <!-- practice.Annotations -->
