<?xml version="1.0" encoding="UTF-8"?>
<!-- Generated by org.testng.reporters.JUnitReportReporter -->
<testsuite hostname="Agastya" failures="0" tests="4" name="practice.test1" time="245.941" errors="0" timestamp="2023-11-04T14:27:16 IST" skipped="0">
  <testcase classname="practice.test1" name="facebook" time="15.702"/>
  <testcase classname="practice.test1" name="instagrm" time="117.553"/>
  <testcase classname="practice.test1" name="zomato" time="7.809"/>
  <testcase classname="practice.test1" name="zomato" time="104.877"/>
</testsuite> <!-- practice.test1 -->
