<?xml version="1.0" encoding="UTF-8"?>
<!-- Generated by org.testng.reporters.JUnitReportReporter -->
<testsuite hostname="Agastya" failures="0" tests="1" name="Basic.try1" time="13.598" errors="0" timestamp="2023-11-04T07:44:38 IST" skipped="0">
  <testcase classname="Basic.try1" name="Login" time="13.598"/>
</testsuite> <!-- Basic.try1 -->
